<?xml version="1.0" encoding="UTF-8"?>
<!-- Generated by org.testng.reporters.JUnitXMLReporter -->
<testsuite hostname="TRD-205" ignored="0" name="Chrome" tests="15" failures="1" timestamp="2020-03-07T15:18:18 IST" time="90.253" errors="0">
  <testcase name="@AfterMethod TeatDown" time="10.033" classname="tests.LoginTest">
    <failure type="org.openqa.selenium.NoSuchElementException" message="no such element: Unable to locate element: {&amp;quot;method&amp;quot;:&amp;quot;xpath&amp;quot;,&amp;quot;selector&amp;quot;:&amp;quot;//button[@class=&amp;apos;_2AkmmA _29YdH8&amp;apos;]&amp;quot;}
  (Session info: chrome=80.0.3987.132)
For documentation on this error, please visit: https://www.seleniumhq.org/exceptions/no_such_element.html
Build info: version: &amp;apos;3.141.59&amp;apos;, revision: &amp;apos;e82be7d358&amp;apos;, time: &amp;apos;2018-11-14T08:25:53&amp;apos;
System info: host: &amp;apos;TRD-205&amp;apos;, ip: &amp;apos;192.168.252.85&amp;apos;, os.name: &amp;apos;Windows 10&amp;apos;, os.arch: &amp;apos;amd64&amp;apos;, os.version: &amp;apos;10.0&amp;apos;, java.version: &amp;apos;1.8.0_191&amp;apos;
Driver info: org.openqa.selenium.chrome.ChromeDriver
Capabilities {acceptInsecureCerts: false, browserName: chrome, browserVersion: 80.0.3987.132, chrome: {chromedriverVersion: 80.0.3987.16 (320f6526c1632..., userDataDir: C:\Users\Training\AppData\L...}, goog:chromeOptions: {debuggerAddress: localhost:23276}, javascriptEnabled: true, networkConnectionEnabled: false, pageLoadStrategy: normal, platform: WINDOWS, platformName: WINDOWS, proxy: Proxy(), setWindowRect: true, strictFileInteractability: false, timeouts: {implicit: 0, pageLoad: 300000, script: 30000}, unhandledPromptBehavior: dismiss and notify}
Session ID: c878da02f34107d678da9ee24037ba99
*** Element info: {Using=xpath, value=//button[@class=&amp;apos;_2AkmmA _29YdH8&amp;apos;]}">
      <![CDATA[org.openqa.selenium.NoSuchElementException: no such element: Unable to locate element: {"method":"xpath","selector":"//button[@class='_2AkmmA _29YdH8']"}
  (Session info: chrome=80.0.3987.132)
For documentation on this error, please visit: https://www.seleniumhq.org/exceptions/no_such_element.html
Build info: version: '3.141.59', revision: 'e82be7d358', time: '2018-11-14T08:25:53'
System info: host: 'TRD-205', ip: '192.168.252.85', os.name: 'Windows 10', os.arch: 'amd64', os.version: '10.0', java.version: '1.8.0_191'
Driver info: org.openqa.selenium.chrome.ChromeDriver
Capabilities {acceptInsecureCerts: false, browserName: chrome, browserVersion: 80.0.3987.132, chrome: {chromedriverVersion: 80.0.3987.16 (320f6526c1632..., userDataDir: C:\Users\Training\AppData\L...}, goog:chromeOptions: {debuggerAddress: localhost:23276}, javascriptEnabled: true, networkConnectionEnabled: false, pageLoadStrategy: normal, platform: WINDOWS, platformName: WINDOWS, proxy: Proxy(), setWindowRect: true, strictFileInteractability: false, timeouts: {implicit: 0, pageLoad: 300000, script: 30000}, unhandledPromptBehavior: dismiss and notify}
Session ID: c878da02f34107d678da9ee24037ba99
*** Element info: {Using=xpath, value=//button[@class='_2AkmmA _29YdH8']}
at org.openqa.selenium.remote.http.W3CHttpResponseCodec.createException(W3CHttpResponseCodec.java:187)
at org.openqa.selenium.remote.http.W3CHttpResponseCodec.decode(W3CHttpResponseCodec.java:122)
at org.openqa.selenium.remote.http.W3CHttpResponseCodec.decode(W3CHttpResponseCodec.java:49)
at org.openqa.selenium.remote.HttpCommandExecutor.execute(HttpCommandExecutor.java:158)
at org.openqa.selenium.remote.service.DriverCommandExecutor.execute(DriverCommandExecutor.java:83)
at org.openqa.selenium.remote.RemoteWebDriver.execute(RemoteWebDriver.java:552)
at org.openqa.selenium.remote.RemoteWebDriver.findElement(RemoteWebDriver.java:323)
at org.openqa.selenium.remote.RemoteWebDriver.findElementByXPath(RemoteWebDriver.java:428)
at org.openqa.selenium.By$ByXPath.findElement(By.java:353)
at org.openqa.selenium.remote.RemoteWebDriver.findElement(RemoteWebDriver.java:315)
at pages.LoginPage.LoginPageClose(LoginPage.java:17)
at tests.LoginTest.TeatDown(LoginTest.java:35)
at java.util.ArrayList.forEach(Unknown Source)
... Removed 36 stack frames]]>
    </failure>
  </testcase> <!-- @AfterMethod TeatDown -->
  <testcase name="FlipkartTitle" time="0.01" classname="tests.HomePageTest">
    <failure type="java.lang.AssertionError" message="did not expect to find [true] but found [false]">
      <![CDATA[java.lang.AssertionError: did not expect to find [true] but found [false]
at tests.HomePageTest.FlipkartTitle(HomePageTest.java:37)
at java.util.ArrayList.forEach(Unknown Source)
... Removed 31 stack frames]]>
    </failure>
  </testcase> <!-- FlipkartTitle -->
  <testcase name="FlipkartLoginBtn" time="0.043" classname="tests.HomePageTest"/>
  <testcase name="Login_EmptyUser_pass" time="0.155" classname="tests.LoginTest"/>
  <testcase name="Login_EmptyPass" time="0.199" classname="tests.LoginTest"/>
  <testcase name="Login_EmptyUsername" time="0.162" classname="tests.LoginTest"/>
  <testcase name="login_ValidUserValidPass" time="6.227" classname="tests.LoginTest"/>
  <testcase name="Dropdown" time="3.155" classname="tests.AddToCompareTest"/>
  <testcase name="Select_SubOption" time="3.082" classname="tests.AddToCompareTest"/>
  <testcase name="Select_Filter" time="6.192" classname="tests.AddToCompareTest"/>
  <testcase name="Select_ItemsToCompare" time="24.888" classname="tests.AddToCompareTest"/>
  <testcase name="OpenPage_CompareToOtherItems" time="6.085" classname="tests.AddToCompareTest"/>
  <testcase name="Click_AddToCart" time="6.096" classname="tests.AddToCompareTest"/>
  <testcase name="order" time="1.62" classname="tests.TransactionTest"/>
  <testcase name="Continue_Button" time="0.749" classname="tests.TransactionTest"/>
  <testcase name="Select_PaymentOpion" time="9.762" classname="tests.TransactionTest"/>
</testsuite> <!-- Chrome -->
