<?xml version="1.0" encoding="UTF-8"?>
<!-- Generated by org.testng.reporters.JUnitXMLReporter -->
<testsuite hostname="TRD-205" ignored="0" name="Firefox" tests="15" failures="2" timestamp="2020-03-07T15:15:23 IST" time="105.014" errors="0">
  <testcase name="FlipkartTitle" time="0.004" classname="tests.HomePageTest">
    <failure type="java.lang.AssertionError" message="did not expect to find [true] but found [false]">
      <![CDATA[java.lang.AssertionError: did not expect to find [true] but found [false]
at tests.HomePageTest.FlipkartTitle(HomePageTest.java:37)
at java.util.ArrayList.forEach(Unknown Source)
... Removed 31 stack frames]]>
    </failure>
  </testcase> <!-- FlipkartTitle -->
  <testcase name="FlipkartLoginBtn" time="0.024" classname="tests.HomePageTest"/>
  <testcase name="Login_EmptyUser_pass" time="0.311" classname="tests.LoginTest"/>
  <testcase name="Login_EmptyPass" time="0.321" classname="tests.LoginTest"/>
  <testcase name="Login_EmptyUsername" time="0.288" classname="tests.LoginTest"/>
  <testcase name="login_ValidUserValidPass" time="7.346" classname="tests.LoginTest"/>
  <testcase name="Dropdown" time="3.158" classname="tests.AddToCompareTest"/>
  <testcase name="Select_SubOption" time="3.383" classname="tests.AddToCompareTest"/>
  <testcase name="Select_Filter" time="6.342" classname="tests.AddToCompareTest"/>
  <testcase name="Select_ItemsToCompare" time="25.481" classname="tests.AddToCompareTest"/>
  <testcase name="OpenPage_CompareToOtherItems" time="6.25" classname="tests.AddToCompareTest"/>
  <testcase name="Click_AddToCart" time="6.732" classname="tests.AddToCompareTest"/>
  <testcase name="SearchProduct" time="0.128" classname="tests.AddBySearchTest"/>
  <testcase name="Select_Item" time="1.507" classname="tests.AddBySearchTest"/>
  <testcase name="AddToCart" time="10.022" classname="tests.AddBySearchTest">
    <failure type="org.openqa.selenium.NoSuchElementException" message="Unable to locate element: //BUTTON[@class=&amp;apos;_2AkmmA _2Npkh4 _2MWPVK&amp;apos;]
For documentation on this error, please visit: https://www.seleniumhq.org/exceptions/no_such_element.html
Build info: version: &amp;apos;3.141.59&amp;apos;, revision: &amp;apos;e82be7d358&amp;apos;, time: &amp;apos;2018-11-14T08:25:53&amp;apos;
System info: host: &amp;apos;TRD-205&amp;apos;, ip: &amp;apos;192.168.252.85&amp;apos;, os.name: &amp;apos;Windows 10&amp;apos;, os.arch: &amp;apos;amd64&amp;apos;, os.version: &amp;apos;10.0&amp;apos;, java.version: &amp;apos;1.8.0_191&amp;apos;
Driver info: org.openqa.selenium.firefox.FirefoxDriver
Capabilities {acceptInsecureCerts: true, browserName: firefox, browserVersion: 73.0.1, javascriptEnabled: true, moz:accessibilityChecks: false, moz:buildID: 20200217142647, moz:geckodriverVersion: 0.26.0, moz:headless: false, moz:processID: 18564, moz:profile: C:\Users\Training\AppData\L..., moz:shutdownTimeout: 60000, moz:useNonSpecCompliantPointerOrigin: false, moz:webdriverClick: true, pageLoadStrategy: normal, platform: WINDOWS, platformName: WINDOWS, platformVersion: 10.0, rotatable: false, setWindowRect: true, strictFileInteractability: false, timeouts: {implicit: 0, pageLoad: 300000, script: 30000}, unhandledPromptBehavior: dismiss and notify}
Session ID: 2f2591ef-13c9-40ab-811b-be250fe8f88d
*** Element info: {Using=xpath, value=//BUTTON[@class=&amp;apos;_2AkmmA _2Npkh4 _2MWPVK&amp;apos;]}">
      <![CDATA[org.openqa.selenium.NoSuchElementException: Unable to locate element: //BUTTON[@class='_2AkmmA _2Npkh4 _2MWPVK']
For documentation on this error, please visit: https://www.seleniumhq.org/exceptions/no_such_element.html
Build info: version: '3.141.59', revision: 'e82be7d358', time: '2018-11-14T08:25:53'
System info: host: 'TRD-205', ip: '192.168.252.85', os.name: 'Windows 10', os.arch: 'amd64', os.version: '10.0', java.version: '1.8.0_191'
Driver info: org.openqa.selenium.firefox.FirefoxDriver
Capabilities {acceptInsecureCerts: true, browserName: firefox, browserVersion: 73.0.1, javascriptEnabled: true, moz:accessibilityChecks: false, moz:buildID: 20200217142647, moz:geckodriverVersion: 0.26.0, moz:headless: false, moz:processID: 18564, moz:profile: C:\Users\Training\AppData\L..., moz:shutdownTimeout: 60000, moz:useNonSpecCompliantPointerOrigin: false, moz:webdriverClick: true, pageLoadStrategy: normal, platform: WINDOWS, platformName: WINDOWS, platformVersion: 10.0, rotatable: false, setWindowRect: true, strictFileInteractability: false, timeouts: {implicit: 0, pageLoad: 300000, script: 30000}, unhandledPromptBehavior: dismiss and notify}
Session ID: 2f2591ef-13c9-40ab-811b-be250fe8f88d
*** Element info: {Using=xpath, value=//BUTTON[@class='_2AkmmA _2Npkh4 _2MWPVK']}
at org.openqa.selenium.remote.http.W3CHttpResponseCodec.createException(W3CHttpResponseCodec.java:187)
at org.openqa.selenium.remote.http.W3CHttpResponseCodec.decode(W3CHttpResponseCodec.java:122)
at org.openqa.selenium.remote.http.W3CHttpResponseCodec.decode(W3CHttpResponseCodec.java:49)
at org.openqa.selenium.remote.HttpCommandExecutor.execute(HttpCommandExecutor.java:158)
at org.openqa.selenium.remote.service.DriverCommandExecutor.execute(DriverCommandExecutor.java:83)
at org.openqa.selenium.remote.RemoteWebDriver.execute(RemoteWebDriver.java:552)
at org.openqa.selenium.remote.RemoteWebDriver.findElement(RemoteWebDriver.java:323)
at org.openqa.selenium.remote.RemoteWebDriver.findElementByXPath(RemoteWebDriver.java:428)
at org.openqa.selenium.By$ByXPath.findElement(By.java:353)
at org.openqa.selenium.remote.RemoteWebDriver.findElement(RemoteWebDriver.java:315)
at pages.AddBySearch.click(AddBySearch.java:21)
at tests.AddBySearchTest.AddToCart(AddBySearchTest.java:48)
at java.util.ArrayList.forEach(Unknown Source)
... Removed 31 stack frames]]>
    </failure>
  </testcase> <!-- AddToCart -->
</testsuite> <!-- Firefox -->
